<?xml version="1.0" encoding="UTF-8"?>
<!-- Generated by org.testng.reporters.JUnitXMLReporter -->
<testsuite ignored="0" hostname="LAPTOP-U2SNV05P" failures="0" tests="4" name="Test" time="48.311" errors="0" timestamp="2022-06-13T15:42:54 IST">
  <testcase classname="com.SorceDemo.TestCases.DemoTestng" name="method1" time="0.007"/>
  <testcase classname="com.SorceDemo.TestCases.TC01LoginFunctionality" name="add" time="3.869"/>
  <testcase classname="com.SorceDemo.TestCases.TC02AddToCart" name="singleProductAdd" time="3.784"/>
  <testcase classname="com.SorceDemo.TestCases.TC03BasketCheck" name="basketCheck" time="3.283"/>
</testsuite> <!-- Test -->
