<?xml version="1.0" encoding="UTF-8"?>
<testng-results ignored="0" total="4" passed="4" failed="0" skipped="0">
  <reporter-output>
  </reporter-output>
  <suite started-at="2022-06-13T15:42:06 IST" name="Suite" finished-at="2022-06-13T15:42:54 IST" duration-ms="48311">
    <groups>
    </groups>
    <test started-at="2022-06-13T15:42:06 IST" name="Test" finished-at="2022-06-13T15:42:54 IST" duration-ms="48311">
      <class name="com.SorceDemo.TestCases.TC03BasketCheck">
        <test-method is-config="true" signature="setup()[pri:0, instance:com.SorceDemo.TestCases.TC03BasketCheck@759d26fb]" started-at="2022-06-13T15:42:37 IST" name="setup" finished-at="2022-06-13T15:42:50 IST" duration-ms="12959" status="PASS">
          <reporter-output>
          </reporter-output>
        </test-method> <!-- setup -->
        <test-method signature="basketCheck()[pri:0, instance:com.SorceDemo.TestCases.TC03BasketCheck@759d26fb]" started-at="2022-06-13T15:42:50 IST" name="basketCheck" finished-at="2022-06-13T15:42:54 IST" duration-ms="3283" status="PASS">
          <reporter-output>
          </reporter-output>
        </test-method> <!-- basketCheck -->
        <test-method is-config="true" signature="closeTheBrowser()[pri:0, instance:com.SorceDemo.TestCases.TC03BasketCheck@759d26fb]" started-at="2022-06-13T15:42:54 IST" name="closeTheBrowser" finished-at="2022-06-13T15:42:54 IST" duration-ms="322" status="PASS">
          <reporter-output>
          </reporter-output>
        </test-method> <!-- closeTheBrowser -->
      </class> <!-- com.SorceDemo.TestCases.TC03BasketCheck -->
      <class name="com.SorceDemo.TestCases.TC01LoginFunctionality">
        <test-method is-config="true" signature="setup()[pri:0, instance:com.SorceDemo.TestCases.TC01LoginFunctionality@49912c99]" started-at="2022-06-13T15:42:06 IST" name="setup" finished-at="2022-06-13T15:42:17 IST" duration-ms="11521" status="PASS">
          <reporter-output>
          </reporter-output>
        </test-method> <!-- setup -->
        <test-method signature="add()[pri:0, instance:com.SorceDemo.TestCases.TC01LoginFunctionality@49912c99]" started-at="2022-06-13T15:42:17 IST" name="add" finished-at="2022-06-13T15:42:21 IST" duration-ms="3869" status="PASS">
          <reporter-output>
          </reporter-output>
        </test-method> <!-- add -->
        <test-method is-config="true" signature="closeTheBrowser()[pri:0, instance:com.SorceDemo.TestCases.TC01LoginFunctionality@49912c99]" started-at="2022-06-13T15:42:21 IST" name="closeTheBrowser" finished-at="2022-06-13T15:42:21 IST" duration-ms="423" status="PASS">
          <reporter-output>
          </reporter-output>
        </test-method> <!-- closeTheBrowser -->
      </class> <!-- com.SorceDemo.TestCases.TC01LoginFunctionality -->
      <class name="com.SorceDemo.TestCases.TC02AddToCart">
        <test-method is-config="true" signature="setup()[pri:0, instance:com.SorceDemo.TestCases.TC02AddToCart@4bb33f74]" started-at="2022-06-13T15:42:21 IST" name="setup" finished-at="2022-06-13T15:42:33 IST" duration-ms="11855" status="PASS">
          <reporter-output>
          </reporter-output>
        </test-method> <!-- setup -->
        <test-method signature="singleProductAdd()[pri:0, instance:com.SorceDemo.TestCases.TC02AddToCart@4bb33f74]" started-at="2022-06-13T15:42:33 IST" name="singleProductAdd" finished-at="2022-06-13T15:42:37 IST" duration-ms="3784" status="PASS">
          <reporter-output>
          </reporter-output>
        </test-method> <!-- singleProductAdd -->
        <test-method is-config="true" signature="closeTheBrowser()[pri:0, instance:com.SorceDemo.TestCases.TC02AddToCart@4bb33f74]" started-at="2022-06-13T15:42:37 IST" name="closeTheBrowser" finished-at="2022-06-13T15:42:37 IST" duration-ms="252" status="PASS">
          <reporter-output>
          </reporter-output>
        </test-method> <!-- closeTheBrowser -->
      </class> <!-- com.SorceDemo.TestCases.TC02AddToCart -->
      <class name="com.SorceDemo.TestCases.DemoTestng">
        <test-method signature="method1()[pri:0, instance:com.SorceDemo.TestCases.DemoTestng@696da30b]" started-at="2022-06-13T15:42:06 IST" name="method1" finished-at="2022-06-13T15:42:06 IST" duration-ms="7" status="PASS">
          <reporter-output>
          </reporter-output>
        </test-method> <!-- method1 -->
      </class> <!-- com.SorceDemo.TestCases.DemoTestng -->
    </test> <!-- Test -->
  </suite> <!-- Suite -->
</testng-results>
